<?xml version="1.0" encoding="UTF-8"?>
<!-- Generated by org.testng.reporters.JUnitReportReporter -->
<testsuite hostname="WKWIN3438802" name="com.tests.Login" tests="1" failures="0" timestamp="2 Jan 2019 10:56:33 GMT" time="15.320" errors="0">
  <testcase name="LoginPageTitle" time="15.320" classname="com.tests.Login"/>
</testsuite> <!-- com.tests.Login -->
