<?xml version="1.0" encoding="UTF-8"?>
<!-- Generated by org.testng.reporters.JUnitReportReporter -->
<testsuite hostname="WKWIN3438802" name="com.tests.LoginPageTest" tests="2" failures="0" timestamp="11 Jan 2019 09:18:10 GMT" time="10.344" errors="0">
  <testcase name="LoginPageTitle" time="5.183" classname="com.tests.LoginPageTest"/>
  <testcase name="LoginPageTitle" time="5.161" classname="com.tests.LoginPageTest"/>
</testsuite> <!-- com.tests.LoginPageTest -->
