<?xml version="1.0" encoding="UTF-8"?>
<!-- Generated by org.testng.reporters.JUnitReportReporter -->
<testsuite hostname="WKWIN3438802" name="Practice.Practice.Testing" tests="1" failures="0" timestamp="19 Dec 2018 09:34:39 GMT" time="5.163" errors="0">
  <testcase name="qwerty" time="5.163" classname="Practice.Practice.Testing"/>
</testsuite> <!-- Practice.Practice.Testing -->
